<?xml version="1.0" encoding="UTF-8" ?>
<testsuite errors="0" failures="0" hostname="Mahmouds-MacBook-Pro.local" name="strategydemo.TestFlatRateDiscountStrategy" tests="1" time="0.092" timestamp="2016-09-12T17:03:50">
  <properties>
    <property name="java.vendor" value="Oracle Corporation" />
    <property name="sun.java.launcher" value="SUN_STANDARD" />
    <property name="env.XPC_SERVICE_NAME" value="com.apple.xpc.launchd.oneshot.0x1000002c.eclipse" />
    <property name="eclipse.pdebuild.templates" value="/Users/Mahmoud/Desktop/Software/Eclipse/kepler/eclipse/plugins/org.eclipse.pde.build_3.8.100.v20130514-1028/templates//" />
    <property name="sun.management.compiler" value="HotSpot 64-Bit Tiered Compilers" />
    <property name="os.name" value="Mac OS X" />
    <property name="sun.boot.class.path" value="/Library/Java/JavaVirtualMachines/jdk1.7.0_80.jdk/Contents/Home/jre/lib/resources.jar:/Library/Java/JavaVirtualMachines/jdk1.7.0_80.jdk/Contents/Home/jre/lib/rt.jar:/Library/Java/JavaVirtualMachines/jdk1.7.0_80.jdk/Contents/Home/jre/lib/sunrsasign.jar:/Library/Java/JavaVirtualMachines/jdk1.7.0_80.jdk/Contents/Home/jre/lib/jsse.jar:/Library/Java/JavaVirtualMachines/jdk1.7.0_80.jdk/Contents/Home/jre/lib/jce.jar:/Library/Java/JavaVirtualMachines/jdk1.7.0_80.jdk/Contents/Home/jre/lib/charsets.jar:/Library/Java/JavaVirtualMachines/jdk1.7.0_80.jdk/Contents/Home/jre/lib/jfr.jar:/Library/Java/JavaVirtualMachines/jdk1.7.0_80.jdk/Contents/Home/jre/classes" />
    <property name="env.TMPDIR" value="/var/folders/7m/z2ynz7rs1055w1c80kxj48v80000gn/T/" />
    <property name="user.country.format" value="CA" />
    <property name="java.vm.specification.vendor" value="Oracle Corporation" />
    <property name="ant.home" value="/Users/Mahmoud/Desktop/Software/Eclipse/kepler/eclipse/plugins/org.apache.ant_1.8.4.v201303080030" />
    <property name="java.runtime.version" value="1.7.0_80-b15" />
    <property name="env.Apple_PubSub_Socket_Render" value="/private/tmp/com.apple.launchd.8PdjhHDfPO/Render" />
    <property name="env.JAVA_MAIN_CLASS_17449" value="org.eclipse.ant.internal.launching.remote.InternalAntRunner" />
    <property name="user.name" value="Mahmoud" />
    <property name="env.USER" value="Mahmoud" />
    <property name="env.SHELL" value="/bin/bash" />
    <property name="env.__CF_USER_TEXT_ENCODING" value="0x1F5:0x0:0x0" />
    <property name="env.PATH" value="/usr/bin:/bin:/usr/sbin:/sbin" />
    <property name="user.language" value="en" />
    <property name="sun.boot.library.path" value="/Library/Java/JavaVirtualMachines/jdk1.7.0_80.jdk/Contents/Home/jre/lib" />
    <property name="ant.project.default-target" value="build" />
    <property name="env.XPC_FLAGS" value="0x0" />
    <property name="ant.project.name" value="TravisExercise" />
    <property name="java.version" value="1.7.0_80" />
    <property name="user.timezone" value="" />
    <property name="sun.arch.data.model" value="64" />
    <property name="http.nonProxyHosts" value="local|*.local|169.254/16|*.169.254/16|127.0.0.1" />
    <property name="java.endorsed.dirs" value="/Library/Java/JavaVirtualMachines/jdk1.7.0_80.jdk/Contents/Home/jre/lib/endorsed" />
    <property name="sun.cpu.isalist" value="" />
    <property name="sun.jnu.encoding" value="UTF-8" />
    <property name="file.encoding.pkg" value="sun.io" />
    <property name="file.separator" value="/" />
    <property name="java.specification.name" value="Java Platform API Specification" />
    <property name="java.class.version" value="51.0" />
    <property name="user.country" value="US" />
    <property name="java.home" value="/Library/Java/JavaVirtualMachines/jdk1.7.0_80.jdk/Contents/Home/jre" />
    <property name="java.vm.info" value="mixed mode" />
    <property name="env.LOGNAME" value="Mahmoud" />
    <property name="ant.file" value="/Users/Mahmoud/Documents/workspace/ECSE 429/TravisExercise/build.xml" />
    <property name="os.version" value="10.10.3" />
    <property name="path.separator" value=":" />
    <property name="java.vm.version" value="24.80-b11" />
    <property name="ant.library.dir" value="/Users/Mahmoud/Desktop/Software/Eclipse/kepler/eclipse/plugins/org.apache.ant_1.8.4.v201303080030/lib" />
    <property name="junit.output.dir" value="junit" />
    <property name="env.APP_ICON_16278" value="../Resources/Eclipse.icns" />
    <property name="java.awt.printerjob" value="sun.lwawt.macosx.CPrinterJob" />
    <property name="sun.io.unicode.encoding" value="UnicodeBig" />
    <property name="awt.toolkit" value="sun.lwawt.macosx.LWCToolkit" />
    <property name="env.JAVA_STARTED_ON_FIRST_THREAD_16278" value="1" />
    <property name="socksNonProxyHosts" value="local|*.local|169.254/16|*.169.254/16|127.0.0.1" />
    <property name="ftp.nonProxyHosts" value="local|*.local|169.254/16|*.169.254/16|127.0.0.1" />
    <property name="eclipse.pdebuild.scripts" value="/Users/Mahmoud/Desktop/Software/Eclipse/kepler/eclipse/plugins/org.eclipse.pde.build_3.8.100.v20130514-1028/scripts//" />
    <property name="user.home" value="/Users/Mahmoud" />
    <property name="target" value="1.7" />
    <property name="java.specification.vendor" value="Oracle Corporation" />
    <property name="ant.file.TravisExercise" value="/Users/Mahmoud/Documents/workspace/ECSE 429/TravisExercise/build.xml" />
    <property name="java.library.path" value="/Users/Mahmoud/Library/Java/Extensions:/Library/Java/Extensions:/Network/Library/Java/Extensions:/System/Library/Java/Extensions:/usr/lib/java:." />
    <property name="java.vendor.url" value="http://java.oracle.com/" />
    <property name="java.vm.vendor" value="Oracle Corporation" />
    <property name="gopherProxySet" value="false" />
    <property name="java.runtime.name" value="Java(TM) SE Runtime Environment" />
    <property name="sun.java.command" value="org.apache.tools.ant.taskdefs.optional.junit.JUnitTestRunner strategydemo.TestFlatRateDiscountStrategy filtertrace=true haltOnError=false haltOnFailure=false formatter=org.apache.tools.ant.taskdefs.optional.junit.OutErrSummaryJUnitResultFormatter showoutput=false outputtoformatters=true logfailedtests=true logtestlistenerevents=false formatter=org.apache.tools.ant.taskdefs.optional.junit.XMLJUnitResultFormatter,/Users/Mahmoud/Documents/workspace/ECSE 429/TravisExercise/junit/TEST-strategydemo.TestFlatRateDiscountStrategy.xml crashfile=/Users/Mahmoud/Documents/workspace/ECSE 429/TravisExercise/junitvmwatcher7852469704058103087.properties propsfile=/Users/Mahmoud/Documents/workspace/ECSE 429/TravisExercise/junit9143869032380754575.properties" />
    <property name="java.class.path" value="/Users/Mahmoud/Documents/workspace/ECSE 429/TravisExercise/bin:/Users/Mahmoud/Documents/workspace/ECSE 429/TravisExercise/lib/junit.jar:/Users/Mahmoud/Documents/workspace/ECSE 429/TravisExercise/lib/org.hamcrest.core_1.3.0.v201303031735.jar:/Users/Mahmoud/Desktop/Software/Eclipse/kepler/eclipse/plugins/org.apache.ant_1.8.4.v201303080030/lib/ant-launcher.jar:/Users/Mahmoud/Desktop/Software/Eclipse/kepler/eclipse/plugins/org.apache.ant_1.8.4.v201303080030/lib/ant.jar:/Users/Mahmoud/Desktop/Software/Eclipse/kepler/eclipse/plugins/org.apache.ant_1.8.4.v201303080030/lib/ant-junit.jar:/Users/Mahmoud/Desktop/Software/Eclipse/kepler/eclipse/plugins/org.apache.ant_1.8.4.v201303080030/lib/ant-junit4.jar" />
    <property name="ant.version" value="Apache Ant(TM) version 1.8.4 compiled on May 22 2012" />
    <property name="java.vm.specification.name" value="Java Virtual Machine Specification" />
    <property name="java.vm.specification.version" value="1.7" />
    <property name="sun.cpu.endian" value="little" />
    <property name="sun.os.patch.level" value="unknown" />
    <property name="debuglevel" value="source,lines,vars" />
    <property name="env.HOME" value="/Users/Mahmoud" />
    <property name="env.ANT_HOME" value="/Users/Mahmoud/Desktop/Software/Eclipse/kepler/eclipse/plugins/org.apache.ant_1.8.4.v201303080030" />
    <property name="eclipse.pdebuild.home" value="/Users/Mahmoud/Desktop/Software/Eclipse/kepler/eclipse/plugins/org.eclipse.pde.build_3.8.100.v20130514-1028/.//" />
    <property name="java.io.tmpdir" value="/var/folders/7m/z2ynz7rs1055w1c80kxj48v80000gn/T/" />
    <property name="ant.file.type.TravisExercise" value="file" />
    <property name="java.vendor.url.bug" value="http://bugreport.sun.com/bugreport/" />
    <property name="env.SSH_AUTH_SOCK" value="/private/tmp/com.apple.launchd.PR7BaJ233N/Listeners" />
    <property name="env.COMMAND_MODE" value="unix2003" />
    <property name="os.arch" value="x86_64" />
    <property name="java.awt.graphicsenv" value="sun.awt.CGraphicsEnvironment" />
    <property name="java.ext.dirs" value="/Users/Mahmoud/Library/Java/Extensions:/Library/Java/JavaVirtualMachines/jdk1.7.0_80.jdk/Contents/Home/jre/lib/ext:/Library/Java/Extensions:/Network/Library/Java/Extensions:/System/Library/Java/Extensions:/usr/lib/java" />
    <property name="user.dir" value="/Users/Mahmoud/Documents/workspace/ECSE 429/TravisExercise" />
    <property name="line.separator" value="&#xa;" />
    <property name="java.vm.name" value="Java HotSpot(TM) 64-Bit Server VM" />
    <property name="basedir" value="/Users/Mahmoud/Documents/workspace/ECSE 429/TravisExercise" />
    <property name="ant.java.version" value="1.7" />
    <property name="ant.core.lib" value="/Users/Mahmoud/Desktop/Software/Eclipse/kepler/eclipse/plugins/org.apache.ant_1.8.4.v201303080030/lib/ant.jar" />
    <property name="source" value="1.7" />
    <property name="file.encoding" value="UTF-8" />
    <property name="java.specification.version" value="1.7" />
    <property name="ant.project.invoked-targets" value="TestFlatRateDiscountStrategy" />
    <property name="env.JAVA_STARTED_ON_FIRST_THREAD_17449" value="1" />
  </properties>
  <testcase classname="strategydemo.TestFlatRateDiscountStrategy" name="test" time="0.001" />
  <system-out><![CDATA[]]></system-out>
  <system-err><![CDATA[]]></system-err>
</testsuite>
